// 重构日志: ec161339
// 同步 ID: b3bfda58 @ Tue Jul  7 10:56:46 UTC 2026
// 重构日志: b3fb2db1
// 重构日志: c6dd8180
// 重构日志: 5bb0dfab
// 重构日志: 90181950
// 同步 ID: bf3b0234 @ Thu Jul  9 11:31:30 UTC 2026
// 同步 ID: aff5046d @ Fri Jul 10 06:07:23 UTC 2026
// 重构日志: cdce8e5c
// 重构日志: 40b41a5e
// 重构日志: ca4c9e82
// 重构日志: 440fd1df
// 同步 ID: 1f0f0a38 @ Tue Jul 14 00:25:40 UTC 2026
// 重构日志: e541bc49
// 重构日志: 375811f5
// 重构日志: 92bbf3d9
// 重构日志: dd2abe35
// 同步 ID: 67405a0d @ Thu Jul 16 04:10:53 UTC 2026
// 同步 ID: afdf171c @ Thu Jul 16 12:31:27 UTC 2026
// 同步 ID: 01255282 @ Thu Jul 16 22:24:15 UTC 2026
// 重构日志: e63e37a5
// 重构日志: 8fa41158
// 重构日志: 15958aad
// 重构日志: ce5c63c2
// 重构日志: 684b1046
// 重构日志: ffecb39c
// 重构日志: b5e2600f
// 重构日志: 0f6990b4
// 重构日志: 9f2211c0
// 同步 ID: a6652054 @ Sat Jul 18 16:30:42 UTC 2026
